<?xml version="1.0" encoding="UTF-8"?>
<!-- Generated by org.testng.reporters.JUnitReportReporter -->
<testsuite hostname="PK-QAT-LP-229" failures="0" tests="4" name="api.test.UserTests" time="7.093" errors="0" timestamp="2024-10-03T15:57:13 IST" skipped="0">
  <testcase classname="api.test.UserTests" name="TestWLLPostUser" time="3.771"/>
  <testcase classname="api.test.UserTests" name="TestWLLGetUser" time="0.799"/>
  <testcase classname="api.test.UserTests" name="TestWLLUpdateUser" time="1.537"/>
  <testcase classname="api.test.UserTests" name="TestWllLogout" time="0.986"/>
</testsuite> <!-- api.test.UserTests -->
