<?xml version="1.0" encoding="UTF-8"?>
<!-- Generated by org.testng.reporters.JUnitReportReporter -->
<testsuite hostname="PK-QAT-LP-229" failures="0" tests="5" name="api.test.UserTests" time="8.922" errors="0" timestamp="2024-10-07T21:17:52 IST" skipped="0">
  <testcase classname="api.test.UserTests" name="TestWLLPostUser" time="4.303"/>
  <testcase classname="api.test.UserTests" name="TestWLLGetUser" time="1.167"/>
  <testcase classname="api.test.UserTests" name="TestWLLUpdateUser" time="1.629"/>
  <testcase classname="api.test.UserTests" name="TestWllJobCancel" time="1.004"/>
  <testcase classname="api.test.UserTests" name="TestWllLogout" time="0.819"/>
</testsuite> <!-- api.test.UserTests -->
