<?xml version="1.0" encoding="UTF-8"?>
<!-- Generated by org.testng.reporters.JUnitReportReporter -->
<testsuite hostname="PK-QAT-LP-229" failures="0" tests="4" name="api.test.UserTests" time="9.452" errors="0" timestamp="2024-10-03T17:19:27 IST" skipped="0">
  <testcase classname="api.test.UserTests" name="TestWLLPostUser" time="3.617"/>
  <testcase classname="api.test.UserTests" name="TestWLLGetUser" time="1.191"/>
  <testcase classname="api.test.UserTests" name="TestWLLUpdateUser" time="2.630"/>
  <testcase classname="api.test.UserTests" name="TestWllLogout" time="2.014"/>
</testsuite> <!-- api.test.UserTests -->
